mode: count
go-fc/08-eventos/pkg/events/event_dispatcher.go:17.44,21.2 1 6
go-fc/08-eventos/pkg/events/event_dispatcher.go:23.65,25.54 1 1
go-fc/08-eventos/pkg/events/event_dispatcher.go:33.2,33.12 1 1
go-fc/08-eventos/pkg/events/event_dispatcher.go:25.54,27.36 2 1
go-fc/08-eventos/pkg/events/event_dispatcher.go:31.3,31.12 1 1
go-fc/08-eventos/pkg/events/event_dispatcher.go:27.36,30.4 2 2
go-fc/08-eventos/pkg/events/event_dispatcher.go:36.92,38.41 1 14
go-fc/08-eventos/pkg/events/event_dispatcher.go:45.2,46.12 2 13
go-fc/08-eventos/pkg/events/event_dispatcher.go:38.41,39.44 1 6
go-fc/08-eventos/pkg/events/event_dispatcher.go:39.44,40.20 1 6
go-fc/08-eventos/pkg/events/event_dispatcher.go:40.20,42.5 1 1
go-fc/08-eventos/pkg/events/event_dispatcher.go:49.86,51.41 1 3
go-fc/08-eventos/pkg/events/event_dispatcher.go:58.2,58.14 1 1
go-fc/08-eventos/pkg/events/event_dispatcher.go:51.41,52.44 1 3
go-fc/08-eventos/pkg/events/event_dispatcher.go:52.44,53.20 1 5
go-fc/08-eventos/pkg/events/event_dispatcher.go:53.20,55.5 1 2
go-fc/08-eventos/pkg/events/event_dispatcher.go:61.90,63.41 1 4
go-fc/08-eventos/pkg/events/event_dispatcher.go:75.2,75.31 1 1
go-fc/08-eventos/pkg/events/event_dispatcher.go:63.41,64.44 1 3
go-fc/08-eventos/pkg/events/event_dispatcher.go:64.44,65.20 1 3
go-fc/08-eventos/pkg/events/event_dispatcher.go:65.20,72.5 2 3
go-fc/08-eventos/pkg/events/event_dispatcher.go:78.36,81.2 1 1
